{"/Users/kyudoshim/aha2/restapi/src/app.js": {"path":"/Users/kyudoshim/aha2/restapi/src/app.js","statementMap":{"0":{"start":{"line":1,"column":0},"end":{"line":1,"column":26}},"1":{"start":{"line":13,"column":12},"end":{"line":13,"column":21}},"2":{"start":{"line":15,"column":0},"end":{"line":15,"column":23}},"3":{"start":{"line":16,"column":0},"end":{"line":16,"column":24}},"4":{"start":{"line":17,"column":0},"end":{"line":17,"column":49}},"5":{"start":{"line":18,"column":0},"end":{"line":18,"column":24}},"6":{"start":{"line":19,"column":0},"end":{"line":19,"column":37}},"7":{"start":{"line":20,"column":0},"end":{"line":20,"column":22}},"8":{"start":{"line":22,"column":0},"end":{"line":22,"column":23}},"9":{"start":{"line":25,"column":0},"end":{"line":27,"column":3}},"10":{"start":{"line":26,"column":2},"end":{"line":26,"column":25}},"11":{"start":{"line":30,"column":0},"end":{"line":45,"column":2}},"12":{"start":{"line":31,"column":17},"end":{"line":31,"column":20}},"13":{"start":{"line":33,"column":2},"end":{"line":35,"column":3}},"14":{"start":{"line":34,"column":4},"end":{"line":34,"column":31}},"15":{"start":{"line":38,"column":2},"end":{"line":38,"column":39}},"16":{"start":{"line":39,"column":2},"end":{"line":39,"column":75}},"17":{"start":{"line":42,"column":2},"end":{"line":44,"column":21}},"18":{"start":{"line":48,"column":0},"end":{"line":48,"column":20}}},"fnMap":{"0":{"name":"(anonymous_0)","decl":{"start":{"line":25,"column":8},"end":{"line":25,"column":9}},"loc":{"start":{"line":25,"column":33},"end":{"line":27,"column":1}},"line":25},"1":{"name":"(anonymous_1)","decl":{"start":{"line":30,"column":8},"end":{"line":30,"column":9}},"loc":{"start":{"line":30,"column":33},"end":{"line":45,"column":1}},"line":30}},"branchMap":{"0":{"loc":{"start":{"line":33,"column":2},"end":{"line":35,"column":3}},"type":"if","locations":[{"start":{"line":33,"column":2},"end":{"line":35,"column":3}},{"start":{"line":33,"column":2},"end":{"line":35,"column":3}}],"line":33},"1":{"loc":{"start":{"line":39,"column":21},"end":{"line":39,"column":75}},"type":"cond-expr","locations":[{"start":{"line":39,"column":62},"end":{"line":39,"column":70}},{"start":{"line":39,"column":73},"end":{"line":39,"column":75}}],"line":39}},"s":{"0":2,"1":2,"2":2,"3":2,"4":2,"5":2,"6":2,"7":2,"8":2,"9":2,"10":0,"11":2,"12":3,"13":3,"14":0,"15":3,"16":3,"17":3,"18":2},"f":{"0":0,"1":3},"b":{"0":[0,3],"1":[0,3]},"_coverageSchema":"1a1c01bbd47fc00a2c39e90264f33305004495a9","hash":"86da27b62f1c19f9903c50d0a73eea7223e9c0bb"}
,"/Users/kyudoshim/aha2/restapi/src/caches/user.cache.js": {"path":"/Users/kyudoshim/aha2/restapi/src/caches/user.cache.js","statementMap":{"0":{"start":{"line":1,"column":14},"end":{"line":1,"column":30}},"1":{"start":{"line":2,"column":17},"end":{"line":2,"column":36}},"2":{"start":{"line":5,"column":15},"end":{"line":5,"column":35}},"3":{"start":{"line":6,"column":0},"end":{"line":8,"column":2}},"4":{"start":{"line":7,"column":4},"end":{"line":7,"column":39}},"5":{"start":{"line":10,"column":0},"end":{"line":10,"column":29}},"6":{"start":{"line":14,"column":8},"end":{"line":20,"column":9}},"7":{"start":{"line":15,"column":12},"end":{"line":15,"column":68}},"8":{"start":{"line":16,"column":12},"end":{"line":16,"column":74}},"9":{"start":{"line":17,"column":12},"end":{"line":17,"column":92}},"10":{"start":{"line":19,"column":12},"end":{"line":19,"column":28}},"11":{"start":{"line":24,"column":8},"end":{"line":31,"column":9}},"12":{"start":{"line":25,"column":12},"end":{"line":30,"column":13}},"13":{"start":{"line":26,"column":16},"end":{"line":26,"column":59}},"14":{"start":{"line":29,"column":16},"end":{"line":29,"column":27}},"15":{"start":{"line":35,"column":8},"end":{"line":43,"column":9}},"16":{"start":{"line":36,"column":12},"end":{"line":42,"column":13}},"17":{"start":{"line":37,"column":29},"end":{"line":37,"column":67}},"18":{"start":{"line":38,"column":16},"end":{"line":38,"column":38}},"19":{"start":{"line":41,"column":16},"end":{"line":41,"column":27}},"20":{"start":{"line":47,"column":8},"end":{"line":55,"column":9}},"21":{"start":{"line":48,"column":12},"end":{"line":54,"column":13}},"22":{"start":{"line":49,"column":29},"end":{"line":49,"column":73}},"23":{"start":{"line":50,"column":16},"end":{"line":50,"column":38}},"24":{"start":{"line":53,"column":16},"end":{"line":53,"column":27}}},"fnMap":{"0":{"name":"(anonymous_0)","decl":{"start":{"line":6,"column":19},"end":{"line":6,"column":20}},"loc":{"start":{"line":6,"column":24},"end":{"line":8,"column":1}},"line":6},"1":{"name":"(anonymous_1)","decl":{"start":{"line":13,"column":4},"end":{"line":13,"column":5}},"loc":{"start":{"line":13,"column":22},"end":{"line":21,"column":5}},"line":13},"2":{"name":"(anonymous_2)","decl":{"start":{"line":23,"column":4},"end":{"line":23,"column":5}},"loc":{"start":{"line":23,"column":21},"end":{"line":32,"column":5}},"line":23},"3":{"name":"(anonymous_3)","decl":{"start":{"line":34,"column":4},"end":{"line":34,"column":5}},"loc":{"start":{"line":34,"column":23},"end":{"line":44,"column":5}},"line":34},"4":{"name":"(anonymous_4)","decl":{"start":{"line":46,"column":4},"end":{"line":46,"column":5}},"loc":{"start":{"line":46,"column":29},"end":{"line":56,"column":5}},"line":46}},"branchMap":{"0":{"loc":{"start":{"line":24,"column":8},"end":{"line":31,"column":9}},"type":"if","locations":[{"start":{"line":24,"column":8},"end":{"line":31,"column":9}},{"start":{"line":24,"column":8},"end":{"line":31,"column":9}}],"line":24},"1":{"loc":{"start":{"line":35,"column":8},"end":{"line":43,"column":9}},"type":"if","locations":[{"start":{"line":35,"column":8},"end":{"line":43,"column":9}},{"start":{"line":35,"column":8},"end":{"line":43,"column":9}}],"line":35},"2":{"loc":{"start":{"line":47,"column":8},"end":{"line":55,"column":9}},"type":"if","locations":[{"start":{"line":47,"column":8},"end":{"line":55,"column":9}},{"start":{"line":47,"column":8},"end":{"line":55,"column":9}}],"line":47}},"s":{"0":2,"1":2,"2":2,"3":2,"4":0,"5":2,"6":3,"7":3,"8":3,"9":3,"10":0,"11":7,"12":6,"13":6,"14":0,"15":0,"16":0,"17":0,"18":0,"19":0,"20":3,"21":3,"22":3,"23":3,"24":0},"f":{"0":0,"1":3,"2":7,"3":0,"4":3},"b":{"0":[6,1],"1":[0,0],"2":[3,0]},"_coverageSchema":"1a1c01bbd47fc00a2c39e90264f33305004495a9","hash":"8a9bd6199e76b99c5a7c1fb857fdc296229a8183"}
,"/Users/kyudoshim/aha2/restapi/src/configs/sequelize.js": {"path":"/Users/kyudoshim/aha2/restapi/src/configs/sequelize.js","statementMap":{"0":{"start":{"line":1,"column":0},"end":{"line":1,"column":26}},"1":{"start":{"line":3,"column":0},"end":{"line":5,"column":1}},"2":{"start":{"line":4,"column":4},"end":{"line":4,"column":30}},"3":{"start":{"line":7,"column":22},"end":{"line":23,"column":1}},"4":{"start":{"line":25,"column":0},"end":{"line":40,"column":1}}},"fnMap":{},"branchMap":{"0":{"loc":{"start":{"line":3,"column":0},"end":{"line":5,"column":1}},"type":"if","locations":[{"start":{"line":3,"column":0},"end":{"line":5,"column":1}},{"start":{"line":3,"column":0},"end":{"line":5,"column":1}}],"line":3}},"s":{"0":3,"1":3,"2":3,"3":3,"4":3},"f":{},"b":{"0":[3,0]},"_coverageSchema":"1a1c01bbd47fc00a2c39e90264f33305004495a9","hash":"c3861546d3d1cfb046a122a342c37c41394415cb"}
,"/Users/kyudoshim/aha2/restapi/src/configs/winston.js": {"path":"/Users/kyudoshim/aha2/restapi/src/configs/winston.js","statementMap":{"0":{"start":{"line":4,"column":15},"end":{"line":4,"column":37}},"1":{"start":{"line":6,"column":0},"end":{"line":8,"column":1}},"2":{"start":{"line":7,"column":4},"end":{"line":7,"column":24}},"3":{"start":{"line":10,"column":22},"end":{"line":14,"column":2}},"4":{"start":{"line":16,"column":23},"end":{"line":20,"column":2}},"5":{"start":{"line":22,"column":15},"end":{"line":24,"column":2}},"6":{"start":{"line":26,"column":15},"end":{"line":30,"column":1}},"7":{"start":{"line":28,"column":8},"end":{"line":28,"column":28}}},"fnMap":{"0":{"name":"(anonymous_0)","decl":{"start":{"line":27,"column":11},"end":{"line":27,"column":12}},"loc":{"start":{"line":27,"column":22},"end":{"line":29,"column":5}},"line":27}},"branchMap":{"0":{"loc":{"start":{"line":6,"column":0},"end":{"line":8,"column":1}},"type":"if","locations":[{"start":{"line":6,"column":0},"end":{"line":8,"column":1}},{"start":{"line":6,"column":0},"end":{"line":8,"column":1}}],"line":6}},"s":{"0":2,"1":2,"2":0,"3":2,"4":2,"5":2,"6":2,"7":7},"f":{"0":7},"b":{"0":[0,2]},"_coverageSchema":"1a1c01bbd47fc00a2c39e90264f33305004495a9","hash":"7fef76c9cc87a4d5ef79fd90994113eccc3ef5a5"}
,"/Users/kyudoshim/aha2/restapi/src/controllers/v1/auth.controller.js": {"path":"/Users/kyudoshim/aha2/restapi/src/controllers/v1/auth.controller.js","statementMap":{"0":{"start":{"line":8,"column":14},"end":{"line":38,"column":1}},"1":{"start":{"line":9,"column":4},"end":{"line":37,"column":5}},"2":{"start":{"line":10,"column":22},"end":{"line":10,"column":36}},"3":{"start":{"line":11,"column":25},"end":{"line":11,"column":42}},"4":{"start":{"line":12,"column":25},"end":{"line":12,"column":39}},"5":{"start":{"line":13,"column":21},"end":{"line":13,"column":54}},"6":{"start":{"line":15,"column":8},"end":{"line":17,"column":9}},"7":{"start":{"line":16,"column":12},"end":{"line":16,"column":62}},"8":{"start":{"line":19,"column":22},"end":{"line":19,"column":67}},"9":{"start":{"line":21,"column":8},"end":{"line":23,"column":9}},"10":{"start":{"line":22,"column":12},"end":{"line":22,"column":57}},"11":{"start":{"line":25,"column":24},"end":{"line":28,"column":9}},"12":{"start":{"line":30,"column":22},"end":{"line":32,"column":10}},"13":{"start":{"line":34,"column":8},"end":{"line":34,"column":37}},"14":{"start":{"line":36,"column":8},"end":{"line":36,"column":15}},"15":{"start":{"line":40,"column":18},"end":{"line":46,"column":1}},"16":{"start":{"line":41,"column":4},"end":{"line":45,"column":5}},"17":{"start":{"line":42,"column":8},"end":{"line":42,"column":38}},"18":{"start":{"line":44,"column":8},"end":{"line":44,"column":15}}},"fnMap":{"0":{"name":"(anonymous_0)","decl":{"start":{"line":8,"column":14},"end":{"line":8,"column":15}},"loc":{"start":{"line":8,"column":39},"end":{"line":38,"column":1}},"line":8},"1":{"name":"(anonymous_1)","decl":{"start":{"line":40,"column":18},"end":{"line":40,"column":19}},"loc":{"start":{"line":40,"column":41},"end":{"line":46,"column":1}},"line":40}},"branchMap":{"0":{"loc":{"start":{"line":15,"column":8},"end":{"line":17,"column":9}},"type":"if","locations":[{"start":{"line":15,"column":8},"end":{"line":17,"column":9}},{"start":{"line":15,"column":8},"end":{"line":17,"column":9}}],"line":15},"1":{"loc":{"start":{"line":21,"column":8},"end":{"line":23,"column":9}},"type":"if","locations":[{"start":{"line":21,"column":8},"end":{"line":23,"column":9}},{"start":{"line":21,"column":8},"end":{"line":23,"column":9}}],"line":21}},"s":{"0":2,"1":3,"2":3,"3":3,"4":3,"5":3,"6":3,"7":1,"8":2,"9":2,"10":1,"11":1,"12":1,"13":1,"14":0,"15":2,"16":1,"17":1,"18":0},"f":{"0":3,"1":1},"b":{"0":[1,2],"1":[1,1]},"_coverageSchema":"1a1c01bbd47fc00a2c39e90264f33305004495a9","hash":"74a35b3ae7b395271bf8a16e3c0b22b8342994b3"}
,"/Users/kyudoshim/aha2/restapi/src/controllers/v1/user.controller.js": {"path":"/Users/kyudoshim/aha2/restapi/src/controllers/v1/user.controller.js","statementMap":{"0":{"start":{"line":5,"column":12},"end":{"line":26,"column":1}},"1":{"start":{"line":6,"column":4},"end":{"line":25,"column":5}},"2":{"start":{"line":7,"column":25},"end":{"line":7,"column":39}},"3":{"start":{"line":8,"column":8},"end":{"line":22,"column":9}},"4":{"start":{"line":9,"column":25},"end":{"line":9,"column":61}},"5":{"start":{"line":11,"column":12},"end":{"line":13,"column":13}},"6":{"start":{"line":12,"column":16},"end":{"line":12,"column":76}},"7":{"start":{"line":15,"column":12},"end":{"line":17,"column":35}},"8":{"start":{"line":19,"column":26},"end":{"line":19,"column":46}},"9":{"start":{"line":21,"column":12},"end":{"line":21,"column":58}},"10":{"start":{"line":21,"column":44},"end":{"line":21,"column":56}},"11":{"start":{"line":24,"column":8},"end":{"line":24,"column":15}}},"fnMap":{"0":{"name":"(anonymous_0)","decl":{"start":{"line":5,"column":12},"end":{"line":5,"column":13}},"loc":{"start":{"line":5,"column":38},"end":{"line":26,"column":1}},"line":5},"1":{"name":"(anonymous_1)","decl":{"start":{"line":21,"column":38},"end":{"line":21,"column":39}},"loc":{"start":{"line":21,"column":44},"end":{"line":21,"column":56}},"line":21}},"branchMap":{"0":{"loc":{"start":{"line":8,"column":8},"end":{"line":22,"column":9}},"type":"if","locations":[{"start":{"line":8,"column":8},"end":{"line":22,"column":9}},{"start":{"line":8,"column":8},"end":{"line":22,"column":9}}],"line":8},"1":{"loc":{"start":{"line":11,"column":12},"end":{"line":13,"column":13}},"type":"if","locations":[{"start":{"line":11,"column":12},"end":{"line":13,"column":13}},{"start":{"line":11,"column":12},"end":{"line":13,"column":13}}],"line":11}},"s":{"0":2,"1":3,"2":3,"3":3,"4":2,"5":2,"6":1,"7":1,"8":1,"9":1,"10":3,"11":1},"f":{"0":3,"1":3},"b":{"0":[2,1],"1":[1,1]},"_coverageSchema":"1a1c01bbd47fc00a2c39e90264f33305004495a9","hash":"ae0c7b827f00535067403096a0b3b20261da89fc"}
,"/Users/kyudoshim/aha2/restapi/src/middlewares/jwt.middleware.js": {"path":"/Users/kyudoshim/aha2/restapi/src/middlewares/jwt.middleware.js","statementMap":{"0":{"start":{"line":6,"column":4},"end":{"line":35,"column":5}},"1":{"start":{"line":7,"column":8},"end":{"line":7,"column":23}},"2":{"start":{"line":9,"column":8},"end":{"line":30,"column":9}},"3":{"start":{"line":11,"column":12},"end":{"line":20,"column":18}},"4":{"start":{"line":15,"column":20},"end":{"line":17,"column":21}},"5":{"start":{"line":16,"column":24},"end":{"line":16,"column":74}},"6":{"start":{"line":19,"column":20},"end":{"line":19,"column":39}},"7":{"start":{"line":22,"column":29},"end":{"line":22,"column":43}},"8":{"start":{"line":23,"column":25},"end":{"line":23,"column":50}},"9":{"start":{"line":25,"column":12},"end":{"line":27,"column":13}},"10":{"start":{"line":26,"column":16},"end":{"line":26,"column":64}},"11":{"start":{"line":29,"column":12},"end":{"line":29,"column":27}},"12":{"start":{"line":31,"column":8},"end":{"line":31,"column":14}},"13":{"start":{"line":34,"column":8},"end":{"line":34,"column":15}}},"fnMap":{"0":{"name":"(anonymous_0)","decl":{"start":{"line":5,"column":15},"end":{"line":5,"column":16}},"loc":{"start":{"line":5,"column":40},"end":{"line":36,"column":1}},"line":5},"1":{"name":"(anonymous_1)","decl":{"start":{"line":14,"column":16},"end":{"line":14,"column":17}},"loc":{"start":{"line":14,"column":34},"end":{"line":20,"column":17}},"line":14}},"branchMap":{"0":{"loc":{"start":{"line":9,"column":8},"end":{"line":30,"column":9}},"type":"if","locations":[{"start":{"line":9,"column":8},"end":{"line":30,"column":9}},{"start":{"line":9,"column":8},"end":{"line":30,"column":9}}],"line":9},"1":{"loc":{"start":{"line":15,"column":20},"end":{"line":17,"column":21}},"type":"if","locations":[{"start":{"line":15,"column":20},"end":{"line":17,"column":21}},{"start":{"line":15,"column":20},"end":{"line":17,"column":21}}],"line":15},"2":{"loc":{"start":{"line":25,"column":12},"end":{"line":27,"column":13}},"type":"if","locations":[{"start":{"line":25,"column":12},"end":{"line":27,"column":13}},{"start":{"line":25,"column":12},"end":{"line":27,"column":13}}],"line":25}},"s":{"0":7,"1":7,"2":7,"3":1,"4":1,"5":0,"6":1,"7":1,"8":1,"9":1,"10":0,"11":1,"12":7,"13":0},"f":{"0":7,"1":1},"b":{"0":[1,6],"1":[0,1],"2":[0,1]},"_coverageSchema":"1a1c01bbd47fc00a2c39e90264f33305004495a9","hash":"6ff4e1bd7375effa9fac650aaea127c84d7a79ff"}
,"/Users/kyudoshim/aha2/restapi/src/models/index.js": {"path":"/Users/kyudoshim/aha2/restapi/src/models/index.js","statementMap":{"0":{"start":{"line":4,"column":18},"end":{"line":4,"column":38}},"1":{"start":{"line":5,"column":15},"end":{"line":5,"column":84}},"2":{"start":{"line":6,"column":17},"end":{"line":6,"column":42}},"3":{"start":{"line":8,"column":15},"end":{"line":8,"column":17}},"4":{"start":{"line":11,"column":0},"end":{"line":15,"column":1}},"5":{"start":{"line":12,"column":4},"end":{"line":12,"column":75}},"6":{"start":{"line":14,"column":4},"end":{"line":14,"column":88}},"7":{"start":{"line":17,"column":0},"end":{"line":22,"column":6}},"8":{"start":{"line":18,"column":20},"end":{"line":18,"column":104}},"9":{"start":{"line":20,"column":22},"end":{"line":20,"column":89}},"10":{"start":{"line":21,"column":8},"end":{"line":21,"column":34}},"11":{"start":{"line":24,"column":0},"end":{"line":28,"column":2}},"12":{"start":{"line":25,"column":4},"end":{"line":27,"column":5}},"13":{"start":{"line":26,"column":8},"end":{"line":26,"column":43}},"14":{"start":{"line":30,"column":0},"end":{"line":30,"column":28}},"15":{"start":{"line":31,"column":0},"end":{"line":31,"column":28}}},"fnMap":{"0":{"name":"(anonymous_0)","decl":{"start":{"line":18,"column":12},"end":{"line":18,"column":13}},"loc":{"start":{"line":18,"column":20},"end":{"line":18,"column":104}},"line":18},"1":{"name":"(anonymous_1)","decl":{"start":{"line":19,"column":13},"end":{"line":19,"column":14}},"loc":{"start":{"line":19,"column":21},"end":{"line":22,"column":5}},"line":19},"2":{"name":"(anonymous_2)","decl":{"start":{"line":24,"column":28},"end":{"line":24,"column":29}},"loc":{"start":{"line":24,"column":41},"end":{"line":28,"column":1}},"line":24}},"branchMap":{"0":{"loc":{"start":{"line":11,"column":0},"end":{"line":15,"column":1}},"type":"if","locations":[{"start":{"line":11,"column":0},"end":{"line":15,"column":1}},{"start":{"line":11,"column":0},"end":{"line":15,"column":1}}],"line":11},"1":{"loc":{"start":{"line":18,"column":20},"end":{"line":18,"column":104}},"type":"binary-expr","locations":[{"start":{"line":18,"column":21},"end":{"line":18,"column":44}},{"start":{"line":18,"column":50},"end":{"line":18,"column":67}},{"start":{"line":18,"column":73},"end":{"line":18,"column":103}}],"line":18},"2":{"loc":{"start":{"line":25,"column":4},"end":{"line":27,"column":5}},"type":"if","locations":[{"start":{"line":25,"column":4},"end":{"line":27,"column":5}},{"start":{"line":25,"column":4},"end":{"line":27,"column":5}}],"line":25}},"s":{"0":3,"1":3,"2":3,"3":3,"4":3,"5":0,"6":3,"7":3,"8":6,"9":3,"10":3,"11":3,"12":3,"13":3,"14":3,"15":3},"f":{"0":6,"1":3,"2":3},"b":{"0":[0,3],"1":[6,6,3],"2":[3,0]},"_coverageSchema":"1a1c01bbd47fc00a2c39e90264f33305004495a9","hash":"6105577a99bb93fc50036f9ce3df0f5c0dbf0dec"}
,"/Users/kyudoshim/aha2/restapi/src/models/user.model.js": {"path":"/Users/kyudoshim/aha2/restapi/src/models/user.model.js","statementMap":{"0":{"start":{"line":8,"column":0},"end":{"line":51,"column":1}},"1":{"start":{"line":9,"column":17},"end":{"line":35,"column":6}},"2":{"start":{"line":14,"column":32},"end":{"line":14,"column":58}},"3":{"start":{"line":16,"column":16},"end":{"line":17,"column":36}},"4":{"start":{"line":37,"column":4},"end":{"line":39,"column":5}},"5":{"start":{"line":42,"column":4},"end":{"line":47,"column":6}},"6":{"start":{"line":43,"column":8},"end":{"line":46,"column":9}},"7":{"start":{"line":44,"column":25},"end":{"line":44,"column":49}},"8":{"start":{"line":45,"column":12},"end":{"line":45,"column":67}},"9":{"start":{"line":50,"column":4},"end":{"line":50,"column":15}}},"fnMap":{"0":{"name":"(anonymous_0)","decl":{"start":{"line":8,"column":17},"end":{"line":8,"column":18}},"loc":{"start":{"line":8,"column":43},"end":{"line":51,"column":1}},"line":8},"1":{"name":"(anonymous_1)","decl":{"start":{"line":14,"column":26},"end":{"line":14,"column":27}},"loc":{"start":{"line":14,"column":32},"end":{"line":14,"column":58}},"line":14},"2":{"name":"(anonymous_2)","decl":{"start":{"line":15,"column":17},"end":{"line":15,"column":18}},"loc":{"start":{"line":15,"column":28},"end":{"line":18,"column":13}},"line":15},"3":{"name":"(anonymous_3)","decl":{"start":{"line":37,"column":21},"end":{"line":37,"column":22}},"loc":{"start":{"line":37,"column":38},"end":{"line":39,"column":5}},"line":37},"4":{"name":"(anonymous_4)","decl":{"start":{"line":42,"column":20},"end":{"line":42,"column":21}},"loc":{"start":{"line":42,"column":45},"end":{"line":47,"column":5}},"line":42}},"branchMap":{"0":{"loc":{"start":{"line":43,"column":8},"end":{"line":46,"column":9}},"type":"if","locations":[{"start":{"line":43,"column":8},"end":{"line":46,"column":9}},{"start":{"line":43,"column":8},"end":{"line":46,"column":9}}],"line":43}},"s":{"0":3,"1":3,"2":4,"3":19,"4":3,"5":3,"6":4,"7":4,"8":4,"9":3},"f":{"0":3,"1":4,"2":19,"3":3,"4":4},"b":{"0":[4,0]},"_coverageSchema":"1a1c01bbd47fc00a2c39e90264f33305004495a9","hash":"f43d352750757cbcd346465ffef85eb817c60327"}
,"/Users/kyudoshim/aha2/restapi/src/repositories/user.repository.js": {"path":"/Users/kyudoshim/aha2/restapi/src/repositories/user.repository.js","statementMap":{"0":{"start":{"line":7,"column":8},"end":{"line":7,"column":40}},"1":{"start":{"line":11,"column":21},"end":{"line":11,"column":51}},"2":{"start":{"line":12,"column":8},"end":{"line":12,"column":40}},"3":{"start":{"line":13,"column":8},"end":{"line":13,"column":39}},"4":{"start":{"line":17,"column":22},"end":{"line":17,"column":49}},"5":{"start":{"line":18,"column":8},"end":{"line":18,"column":58}},"6":{"start":{"line":18,"column":33},"end":{"line":18,"column":57}},"7":{"start":{"line":22,"column":19},"end":{"line":22,"column":50}},"8":{"start":{"line":24,"column":8},"end":{"line":30,"column":9}},"9":{"start":{"line":25,"column":12},"end":{"line":29,"column":14}},"10":{"start":{"line":31,"column":8},"end":{"line":31,"column":39}},"11":{"start":{"line":35,"column":19},"end":{"line":35,"column":52}},"12":{"start":{"line":37,"column":8},"end":{"line":39,"column":9}},"13":{"start":{"line":38,"column":12},"end":{"line":38,"column":49}},"14":{"start":{"line":41,"column":8},"end":{"line":41,"column":39}},"15":{"start":{"line":45,"column":19},"end":{"line":45,"column":58}},"16":{"start":{"line":47,"column":8},"end":{"line":53,"column":9}},"17":{"start":{"line":48,"column":12},"end":{"line":52,"column":14}},"18":{"start":{"line":55,"column":8},"end":{"line":55,"column":39}}},"fnMap":{"0":{"name":"(anonymous_0)","decl":{"start":{"line":6,"column":4},"end":{"line":6,"column":5}},"loc":{"start":{"line":6,"column":18},"end":{"line":8,"column":5}},"line":6},"1":{"name":"(anonymous_1)","decl":{"start":{"line":10,"column":4},"end":{"line":10,"column":5}},"loc":{"start":{"line":10,"column":21},"end":{"line":14,"column":5}},"line":10},"2":{"name":"(anonymous_2)","decl":{"start":{"line":16,"column":4},"end":{"line":16,"column":5}},"loc":{"start":{"line":16,"column":15},"end":{"line":19,"column":5}},"line":16},"3":{"name":"(anonymous_3)","decl":{"start":{"line":18,"column":25},"end":{"line":18,"column":26}},"loc":{"start":{"line":18,"column":33},"end":{"line":18,"column":57}},"line":18},"4":{"name":"(anonymous_4)","decl":{"start":{"line":21,"column":4},"end":{"line":21,"column":5}},"loc":{"start":{"line":21,"column":20},"end":{"line":32,"column":5}},"line":21},"5":{"name":"(anonymous_5)","decl":{"start":{"line":34,"column":4},"end":{"line":34,"column":5}},"loc":{"start":{"line":34,"column":22},"end":{"line":42,"column":5}},"line":34},"6":{"name":"(anonymous_6)","decl":{"start":{"line":44,"column":4},"end":{"line":44,"column":5}},"loc":{"start":{"line":44,"column":28},"end":{"line":56,"column":5}},"line":44}},"branchMap":{"0":{"loc":{"start":{"line":24,"column":8},"end":{"line":30,"column":9}},"type":"if","locations":[{"start":{"line":24,"column":8},"end":{"line":30,"column":9}},{"start":{"line":24,"column":8},"end":{"line":30,"column":9}}],"line":24},"1":{"loc":{"start":{"line":37,"column":8},"end":{"line":39,"column":9}},"type":"if","locations":[{"start":{"line":37,"column":8},"end":{"line":39,"column":9}},{"start":{"line":37,"column":8},"end":{"line":39,"column":9}}],"line":37},"2":{"loc":{"start":{"line":47,"column":8},"end":{"line":53,"column":9}},"type":"if","locations":[{"start":{"line":47,"column":8},"end":{"line":53,"column":9}},{"start":{"line":47,"column":8},"end":{"line":53,"column":9}}],"line":47}},"s":{"0":9,"1":3,"2":3,"3":3,"4":1,"5":1,"6":3,"7":4,"8":4,"9":1,"10":4,"11":0,"12":0,"13":0,"14":0,"15":3,"16":3,"17":1,"18":3},"f":{"0":9,"1":3,"2":1,"3":3,"4":4,"5":0,"6":3},"b":{"0":[1,3],"1":[0,0],"2":[1,2]},"_coverageSchema":"1a1c01bbd47fc00a2c39e90264f33305004495a9","hash":"09d74b681bf49c497fe0dc3f004ac002a9175dd8"}
,"/Users/kyudoshim/aha2/restapi/src/routes/v1/auth.route.js": {"path":"/Users/kyudoshim/aha2/restapi/src/routes/v1/auth.route.js","statementMap":{"0":{"start":{"line":7,"column":15},"end":{"line":7,"column":31}},"1":{"start":{"line":9,"column":0},"end":{"line":12,"column":5}},"2":{"start":{"line":14,"column":0},"end":{"line":17,"column":5}}},"fnMap":{},"branchMap":{},"s":{"0":2,"1":2,"2":2},"f":{},"b":{},"_coverageSchema":"1a1c01bbd47fc00a2c39e90264f33305004495a9","hash":"233ccc81c2261e661f7cc9671569cca6e7a38d68"}
,"/Users/kyudoshim/aha2/restapi/src/routes/v1/index.js": {"path":"/Users/kyudoshim/aha2/restapi/src/routes/v1/index.js","statementMap":{"0":{"start":{"line":5,"column":15},"end":{"line":5,"column":31}},"1":{"start":{"line":6,"column":16},"end":{"line":6,"column":41}},"2":{"start":{"line":8,"column":0},"end":{"line":10,"column":103}},"3":{"start":{"line":9,"column":20},"end":{"line":9,"column":103}},"4":{"start":{"line":10,"column":26},"end":{"line":10,"column":102}}},"fnMap":{"0":{"name":"(anonymous_0)","decl":{"start":{"line":9,"column":12},"end":{"line":9,"column":13}},"loc":{"start":{"line":9,"column":20},"end":{"line":9,"column":103}},"line":9},"1":{"name":"(anonymous_1)","decl":{"start":{"line":10,"column":13},"end":{"line":10,"column":14}},"loc":{"start":{"line":10,"column":26},"end":{"line":10,"column":102}},"line":10}},"branchMap":{"0":{"loc":{"start":{"line":9,"column":20},"end":{"line":9,"column":103}},"type":"binary-expr","locations":[{"start":{"line":9,"column":21},"end":{"line":9,"column":44}},{"start":{"line":9,"column":50},"end":{"line":9,"column":66}},{"start":{"line":9,"column":72},"end":{"line":9,"column":102}}],"line":9}},"s":{"0":2,"1":2,"2":2,"3":6,"4":4},"f":{"0":6,"1":4},"b":{"0":[6,6,4]},"_coverageSchema":"1a1c01bbd47fc00a2c39e90264f33305004495a9","hash":"0d4ba49341deab7bfde679df05eadf9065e3b670"}
,"/Users/kyudoshim/aha2/restapi/src/routes/v1/users.route.js": {"path":"/Users/kyudoshim/aha2/restapi/src/routes/v1/users.route.js","statementMap":{"0":{"start":{"line":4,"column":15},"end":{"line":4,"column":31}},"1":{"start":{"line":6,"column":0},"end":{"line":9,"column":1}}},"fnMap":{},"branchMap":{},"s":{"0":2,"1":2},"f":{},"b":{},"_coverageSchema":"1a1c01bbd47fc00a2c39e90264f33305004495a9","hash":"9e5f79e26ea923b920f02f905751956c2228964b"}
,"/Users/kyudoshim/aha2/restapi/src/utils/response.js": {"path":"/Users/kyudoshim/aha2/restapi/src/utils/response.js","statementMap":{"0":{"start":{"line":1,"column":19},"end":{"line":1,"column":41}},"1":{"start":{"line":4,"column":17},"end":{"line":6,"column":5}},"2":{"start":{"line":8,"column":4},"end":{"line":10,"column":5}},"3":{"start":{"line":9,"column":8},"end":{"line":9,"column":30}},"4":{"start":{"line":12,"column":4},"end":{"line":16,"column":5}},"5":{"start":{"line":13,"column":8},"end":{"line":15,"column":18}},"6":{"start":{"line":18,"column":4},"end":{"line":18,"column":40}}},"fnMap":{"0":{"name":"(anonymous_0)","decl":{"start":{"line":3,"column":15},"end":{"line":3,"column":16}},"loc":{"start":{"line":3,"column":57},"end":{"line":19,"column":1}},"line":3}},"branchMap":{"0":{"loc":{"start":{"line":3,"column":21},"end":{"line":3,"column":30}},"type":"default-arg","locations":[{"start":{"line":3,"column":28},"end":{"line":3,"column":30}}],"line":3},"1":{"loc":{"start":{"line":3,"column":32},"end":{"line":3,"column":52}},"type":"default-arg","locations":[{"start":{"line":3,"column":39},"end":{"line":3,"column":52}}],"line":3},"2":{"loc":{"start":{"line":8,"column":4},"end":{"line":10,"column":5}},"type":"if","locations":[{"start":{"line":8,"column":4},"end":{"line":10,"column":5}},{"start":{"line":8,"column":4},"end":{"line":10,"column":5}}],"line":8},"3":{"loc":{"start":{"line":12,"column":4},"end":{"line":16,"column":5}},"type":"if","locations":[{"start":{"line":12,"column":4},"end":{"line":16,"column":5}},{"start":{"line":12,"column":4},"end":{"line":16,"column":5}}],"line":12}},"s":{"0":2,"1":5,"2":5,"3":3,"4":5,"5":5,"6":5},"f":{"0":5},"b":{"0":[0],"1":[2],"2":[3,2],"3":[5,0]},"_coverageSchema":"1a1c01bbd47fc00a2c39e90264f33305004495a9","hash":"46413d1698db20bb1e0c7d6be3421eb3369cefa3"}
,"/Users/kyudoshim/aha2/restapi/src/utils/uuid.js": {"path":"/Users/kyudoshim/aha2/restapi/src/utils/uuid.js","statementMap":{"0":{"start":{"line":3,"column":13},"end":{"line":6,"column":1}},"1":{"start":{"line":4,"column":19},"end":{"line":4,"column":37}},"2":{"start":{"line":5,"column":4},"end":{"line":5,"column":68}}},"fnMap":{"0":{"name":"(anonymous_0)","decl":{"start":{"line":3,"column":13},"end":{"line":3,"column":14}},"loc":{"start":{"line":3,"column":19},"end":{"line":6,"column":1}},"line":3}},"branchMap":{},"s":{"0":3,"1":6,"2":6},"f":{"0":6},"b":{},"_coverageSchema":"1a1c01bbd47fc00a2c39e90264f33305004495a9","hash":"2c15fbcbf3aeee19390ce5f4602918b2d89c64bb"}
,"/Users/kyudoshim/aha2/restapi/src/wrappers/index.js": {"path":"/Users/kyudoshim/aha2/restapi/src/wrappers/index.js","statementMap":{"0":{"start":{"line":3,"column":8},"end":{"line":7,"column":9}},"1":{"start":{"line":4,"column":12},"end":{"line":4,"column":45}},"2":{"start":{"line":6,"column":12},"end":{"line":6,"column":48}},"3":{"start":{"line":11,"column":8},"end":{"line":13,"column":9}},"4":{"start":{"line":12,"column":12},"end":{"line":12,"column":23}},"5":{"start":{"line":15,"column":8},"end":{"line":15,"column":31}},"6":{"start":{"line":19,"column":8},"end":{"line":19,"column":19}},"7":{"start":{"line":23,"column":8},"end":{"line":23,"column":19}}},"fnMap":{"0":{"name":"(anonymous_0)","decl":{"start":{"line":2,"column":4},"end":{"line":2,"column":5}},"loc":{"start":{"line":2,"column":21},"end":{"line":8,"column":5}},"line":2},"1":{"name":"(anonymous_1)","decl":{"start":{"line":10,"column":4},"end":{"line":10,"column":5}},"loc":{"start":{"line":10,"column":22},"end":{"line":16,"column":5}},"line":10},"2":{"name":"(anonymous_2)","decl":{"start":{"line":18,"column":4},"end":{"line":18,"column":5}},"loc":{"start":{"line":18,"column":12},"end":{"line":20,"column":5}},"line":18},"3":{"name":"(anonymous_3)","decl":{"start":{"line":22,"column":4},"end":{"line":22,"column":5}},"loc":{"start":{"line":22,"column":11},"end":{"line":24,"column":5}},"line":22}},"branchMap":{"0":{"loc":{"start":{"line":3,"column":8},"end":{"line":7,"column":9}},"type":"if","locations":[{"start":{"line":3,"column":8},"end":{"line":7,"column":9}},{"start":{"line":3,"column":8},"end":{"line":7,"column":9}}],"line":3},"1":{"loc":{"start":{"line":11,"column":8},"end":{"line":13,"column":9}},"type":"if","locations":[{"start":{"line":11,"column":8},"end":{"line":13,"column":9}},{"start":{"line":11,"column":8},"end":{"line":13,"column":9}}],"line":11}},"s":{"0":11,"1":6,"2":5,"3":13,"4":2,"5":11,"6":5,"7":4},"f":{"0":11,"1":13,"2":5,"3":4},"b":{"0":[6,5],"1":[2,11]},"_coverageSchema":"1a1c01bbd47fc00a2c39e90264f33305004495a9","hash":"09509bee33e5e70d5d2ca44cf6a74b6a3e863b63"}
,"/Users/kyudoshim/aha2/restapi/src/wrappers/user.wrapper.js": {"path":"/Users/kyudoshim/aha2/restapi/src/wrappers/user.wrapper.js","statementMap":{"0":{"start":{"line":5,"column":23},"end":{"line":5,"column":46}},"1":{"start":{"line":6,"column":8},"end":{"line":6,"column":30}},"2":{"start":{"line":8,"column":8},"end":{"line":8,"column":21}}},"fnMap":{"0":{"name":"(anonymous_0)","decl":{"start":{"line":4,"column":4},"end":{"line":4,"column":5}},"loc":{"start":{"line":4,"column":12},"end":{"line":9,"column":5}},"line":4}},"branchMap":{},"s":{"0":0,"1":0,"2":0},"f":{"0":0},"b":{},"_coverageSchema":"1a1c01bbd47fc00a2c39e90264f33305004495a9","hash":"7b28d0f57a8fc28cf518b7f903a9f3e24228de99"}
}
