TN:
SF:app.js
FN:20,(anonymous_0)
FN:25,(anonymous_1)
FNF:2
FNH:1
FNDA:0,(anonymous_0)
FNDA:3,(anonymous_1)
DA:1,2
DA:10,2
DA:12,2
DA:13,2
DA:14,2
DA:15,2
DA:17,2
DA:20,2
DA:21,0
DA:25,2
DA:26,3
DA:28,3
DA:29,0
DA:33,3
DA:34,3
DA:37,3
DA:43,2
LF:17
LH:15
BRDA:28,0,0,0
BRDA:28,0,1,3
BRDA:34,1,0,0
BRDA:34,1,1,3
BRF:4
BRH:2
end_of_record
TN:
SF:configs/sequelize.js
FNF:0
FNH:0
DA:1,3
DA:3,3
DA:4,3
DA:7,3
DA:25,3
LF:5
LH:5
BRDA:3,0,0,3
BRDA:3,0,1,0
BRF:2
BRH:1
end_of_record
TN:
SF:controllers/v1/auth.controller.js
FN:8,(anonymous_0)
FNF:1
FNH:1
FNDA:3,(anonymous_0)
DA:8,2
DA:9,3
DA:10,3
DA:11,3
DA:13,3
DA:15,3
DA:16,1
DA:19,2
DA:21,2
DA:22,1
DA:25,1
DA:27,1
DA:29,1
DA:31,1
DA:35,1
DA:37,0
LF:16
LH:15
BRDA:15,0,0,1
BRDA:15,0,1,2
BRDA:21,1,0,1
BRDA:21,1,1,1
BRF:4
BRH:4
end_of_record
TN:
SF:controllers/v1/user.controller.js
FN:5,(anonymous_0)
FNF:1
FNH:1
FNDA:3,(anonymous_0)
DA:5,2
DA:6,3
DA:7,3
DA:8,2
DA:10,2
DA:11,1
DA:14,1
DA:18,1
DA:20,1
DA:23,1
LF:10
LH:10
BRDA:7,0,0,2
BRDA:7,0,1,1
BRDA:10,1,0,1
BRDA:10,1,1,1
BRF:4
BRH:4
end_of_record
TN:
SF:models/index.js
FN:18,(anonymous_0)
FN:19,(anonymous_1)
FN:24,(anonymous_2)
FNF:3
FNH:3
FNDA:6,(anonymous_0)
FNDA:3,(anonymous_1)
FNDA:3,(anonymous_2)
DA:4,3
DA:5,3
DA:6,3
DA:8,3
DA:11,3
DA:12,0
DA:14,3
DA:17,3
DA:18,6
DA:20,3
DA:21,3
DA:24,3
DA:25,3
DA:26,3
DA:30,3
DA:31,3
LF:16
LH:15
BRDA:11,0,0,0
BRDA:11,0,1,3
BRDA:18,1,0,6
BRDA:18,1,1,6
BRDA:18,1,2,3
BRDA:25,2,0,3
BRDA:25,2,1,0
BRF:7
BRH:5
end_of_record
TN:
SF:models/user.model.js
FN:8,(anonymous_0)
FN:14,(anonymous_1)
FN:15,(anonymous_2)
FN:37,(anonymous_3)
FN:42,(anonymous_4)
FN:50,(anonymous_5)
FNF:6
FNH:5
FNDA:3,(anonymous_0)
FNDA:4,(anonymous_1)
FNDA:6,(anonymous_2)
FNDA:3,(anonymous_3)
FNDA:4,(anonymous_4)
FNDA:0,(anonymous_5)
DA:8,3
DA:9,3
DA:14,4
DA:16,6
DA:37,3
DA:42,3
DA:43,4
DA:44,4
DA:45,4
DA:50,3
DA:51,0
DA:53,0
DA:54,0
DA:56,0
DA:59,3
LF:15
LH:11
BRDA:43,0,0,4
BRDA:43,0,1,0
BRF:2
BRH:1
end_of_record
TN:
SF:repositories/user.repository.js
FN:4,(anonymous_0)
FN:6,(anonymous_1)
FN:8,(anonymous_2)
FN:16,(anonymous_3)
FN:18,(anonymous_4)
FNF:5
FNH:4
FNDA:1,(anonymous_0)
FNDA:1,(anonymous_1)
FNDA:2,(anonymous_2)
FNDA:0,(anonymous_3)
FNDA:3,(anonymous_4)
DA:4,1
DA:6,1
DA:9,2
DA:16,0
DA:18,3
LF:5
LH:4
BRF:0
BRH:0
end_of_record
TN:
SF:routes/v1/auth.route.js
FNF:0
FNH:0
DA:4,2
DA:6,2
LF:2
LH:2
BRF:0
BRH:0
end_of_record
TN:
SF:routes/v1/index.js
FN:9,(anonymous_0)
FN:10,(anonymous_1)
FNF:2
FNH:2
FNDA:6,(anonymous_0)
FNDA:4,(anonymous_1)
DA:5,2
DA:6,2
DA:8,2
DA:9,6
DA:10,4
LF:5
LH:5
BRDA:9,0,0,6
BRDA:9,0,1,6
BRDA:9,0,2,4
BRF:3
BRH:3
end_of_record
TN:
SF:routes/v1/users.route.js
FNF:0
FNH:0
DA:4,2
DA:6,2
LF:2
LH:2
BRF:0
BRH:0
end_of_record
TN:
SF:utils/response.js
FN:3,(anonymous_0)
FNF:1
FNH:1
FNDA:4,(anonymous_0)
DA:1,2
DA:4,4
DA:8,4
DA:9,3
DA:12,4
DA:13,4
DA:18,4
LF:7
LH:7
BRDA:3,0,0,0
BRDA:3,1,0,1
BRDA:8,2,0,3
BRDA:8,2,1,1
BRDA:12,3,0,4
BRDA:12,3,1,0
BRF:6
BRH:4
end_of_record
TN:
SF:utils/uuid.js
FN:3,(anonymous_0)
FNF:1
FNH:1
FNDA:6,(anonymous_0)
DA:3,3
DA:4,6
DA:5,6
LF:3
LH:3
BRF:0
BRH:0
end_of_record
